<?xml version="1.0" encoding="UTF-8"?>
<testng-results ignored="0" total="5" passed="4" failed="1" skipped="0">
  <reporter-output>
  </reporter-output>
  <suite started-at="2023-04-18T11:44:05 IST" name="Surefire suite" finished-at="2023-04-18T11:44:51 IST" duration-ms="46122">
    <groups>
      <group name="Purchase">
        <method signature="SubmitOrderHashmapTest.submitorder(java.util.HashMap)[pri:0, instance:rahulshettyAcademy.tests.SubmitOrderHashmapTest@3e11f9e9]" name="submitorder" class="rahulshettyAcademy.tests.SubmitOrderHashmapTest"/>
        <method signature="SubmitOrderTest.submitorder(java.lang.String,java.lang.String,java.lang.String)[pri:0, instance:rahulshettyAcademy.tests.SubmitOrderTest@1de5f259]" name="submitorder" class="rahulshettyAcademy.tests.SubmitOrderTest"/>
      </group> <!-- Purchase -->
      <group name="cucumber">
        <method signature="AbstractTestNGCucumberTests.runScenario(io.cucumber.testng.PickleWrapper,io.cucumber.testng.FeatureWrapper)[pri:0, instance:Cucumber.TestNGTestRunner@20ccf40b]" name="runScenario" class="io.cucumber.testng.AbstractTestNGCucumberTests"/>
      </group> <!-- cucumber -->
    </groups>
    <test started-at="2023-04-18T11:44:05 IST" name="Surefire test" finished-at="2023-04-18T11:44:51 IST" duration-ms="46122">
      <class name="rahulshettyAcademy.tests.SubmitOrderTest">
        <test-method is-config="true" signature="launchapp()[pri:0, instance:rahulshettyAcademy.tests.SubmitOrderTest@1de5f259]" started-at="2023-04-18T11:44:33 IST" name="launchapp" finished-at="2023-04-18T11:44:37 IST" duration-ms="4360" status="PASS">
          <reporter-output>
          </reporter-output>
        </test-method> <!-- launchapp -->
        <test-method signature="submitorder(java.lang.String,java.lang.String,java.lang.String)[pri:0, instance:rahulshettyAcademy.tests.SubmitOrderTest@1de5f259]" started-at="2023-04-18T11:44:37 IST" name="submitorder" data-provider="getdata" finished-at="2023-04-18T11:44:42 IST" duration-ms="4545" status="PASS">
          <params>
            <param index="0">
              <value>
                <![CDATA[vikas@gmail.com]]>
              </value>
            </param>
            <param index="1">
              <value>
                <![CDATA[Vikas123]]>
              </value>
            </param>
            <param index="2">
              <value>
                <![CDATA[ZARA COAT 3]]>
              </value>
            </param>
          </params>
          <reporter-output>
          </reporter-output>
        </test-method> <!-- submitorder -->
        <test-method is-config="true" signature="launchapp()[pri:0, instance:rahulshettyAcademy.tests.SubmitOrderTest@1de5f259]" started-at="2023-04-18T11:44:42 IST" name="launchapp" finished-at="2023-04-18T11:44:46 IST" duration-ms="4397" status="PASS">
          <reporter-output>
          </reporter-output>
        </test-method> <!-- launchapp -->
        <test-method signature="submitorder(java.lang.String,java.lang.String,java.lang.String)[pri:0, instance:rahulshettyAcademy.tests.SubmitOrderTest@1de5f259]" started-at="2023-04-18T11:44:46 IST" name="submitorder" data-provider="getdata" finished-at="2023-04-18T11:44:51 IST" duration-ms="4829" status="PASS">
          <params>
            <param index="0">
              <value>
                <![CDATA[vikas@gmail.com]]>
              </value>
            </param>
            <param index="1">
              <value>
                <![CDATA[Vikas123]]>
              </value>
            </param>
            <param index="2">
              <value>
                <![CDATA[ZARA COAT 3]]>
              </value>
            </param>
          </params>
          <reporter-output>
          </reporter-output>
        </test-method> <!-- submitorder -->
      </class> <!-- rahulshettyAcademy.tests.SubmitOrderTest -->
      <class name="Cucumber.TestNGTestRunner">
        <test-method is-config="true" signature="setUpClass(org.testng.ITestContext)[pri:0, instance:Cucumber.TestNGTestRunner@20ccf40b]" started-at="2023-04-18T11:44:05 IST" name="setUpClass" finished-at="2023-04-18T11:44:06 IST" duration-ms="648" status="PASS">
          <params>
            <param index="0">
              <value>
                <![CDATA[org.testng.TestRunner@36cfe107]]>
              </value>
            </param>
          </params>
          <reporter-output>
          </reporter-output>
        </test-method> <!-- setUpClass -->
        <test-method signature="runScenario(io.cucumber.testng.PickleWrapper,io.cucumber.testng.FeatureWrapper)[pri:0, instance:Cucumber.TestNGTestRunner@20ccf40b]" started-at="2023-04-18T11:44:06 IST" name="runScenario" description="Runs Cucumber Scenarios" data-provider="scenarios" finished-at="2023-04-18T11:44:10 IST" duration-ms="4720" status="FAIL">
          <params>
            <param index="0">
              <value>
                <![CDATA["Positive test of submiting the order"]]>
              </value>
            </param>
            <param index="1">
              <value>
                <![CDATA["Purchase the order from Ecommerce website"]]>
              </value>
            </param>
          </params>
          <exception class="io.cucumber.testng.UndefinedStepException">
            <message>
              <![CDATA[The step 'Logged in with username vikas@gmail.com and password Vikas123' is undefined.
You can implement this step using the snippet(s) below:

@Given("Logged in with username vikas@gmail.com and password Vikas123")
public void logged_in_with_username_vikas_gmail_com_and_password_vikas123() {
    // Write code here that turns the phrase above into concrete actions
    throw new io.cucumber.java.PendingException();
}
]]>
            </message>
            <full-stacktrace>
              <![CDATA[io.cucumber.testng.UndefinedStepException: The step 'Logged in with username vikas@gmail.com and password Vikas123' is undefined.
You can implement this step using the snippet(s) below:

@Given("Logged in with username vikas@gmail.com and password Vikas123")
public void logged_in_with_username_vikas_gmail_com_and_password_vikas123() {
    // Write code here that turns the phrase above into concrete actions
    throw new io.cucumber.java.PendingException();
}

at io.cucumber.core.runtime.TestCaseResultObserver.assertTestCasePassed(TestCaseResultObserver.java:69)
at io.cucumber.testng.TestCaseResultObserver.assertTestCasePassed(TestCaseResultObserver.java:23)
at io.cucumber.testng.TestNGCucumberRunner.lambda$runScenario$1(TestNGCucumberRunner.java:133)
at io.cucumber.core.runtime.CucumberExecutionContext.lambda$runTestCase$5(CucumberExecutionContext.java:130)
at io.cucumber.core.runtime.RethrowingThrowableCollector.executeAndThrow(RethrowingThrowableCollector.java:23)
at io.cucumber.core.runtime.CucumberExecutionContext.runTestCase(CucumberExecutionContext.java:130)
at io.cucumber.testng.TestNGCucumberRunner.runScenario(TestNGCucumberRunner.java:129)
at io.cucumber.testng.AbstractTestNGCucumberTests.runScenario(AbstractTestNGCucumberTests.java:35)
at java.base/jdk.internal.reflect.NativeMethodAccessorImpl.invoke0(Native Method)
at java.base/jdk.internal.reflect.NativeMethodAccessorImpl.invoke(NativeMethodAccessorImpl.java:62)
at java.base/jdk.internal.reflect.DelegatingMethodAccessorImpl.invoke(DelegatingMethodAccessorImpl.java:43)
at java.base/java.lang.reflect.Method.invoke(Method.java:566)
at org.testng.internal.invokers.MethodInvocationHelper.invokeMethod(MethodInvocationHelper.java:139)
at org.testng.internal.invokers.TestInvoker.invokeMethod(TestInvoker.java:677)
at org.testng.internal.invokers.TestInvoker.invokeTestMethod(TestInvoker.java:221)
at org.testng.internal.invokers.MethodRunner.runInSequence(MethodRunner.java:50)
at org.testng.internal.invokers.TestInvoker$MethodInvocationAgent.invoke(TestInvoker.java:969)
at org.testng.internal.invokers.TestInvoker.invokeTestMethods(TestInvoker.java:194)
at org.testng.internal.invokers.TestMethodWorker.invokeTestMethods(TestMethodWorker.java:148)
at org.testng.internal.invokers.TestMethodWorker.run(TestMethodWorker.java:128)
at java.base/java.util.ArrayList.forEach(ArrayList.java:1540)
at org.testng.TestRunner.privateRun(TestRunner.java:829)
at org.testng.TestRunner.run(TestRunner.java:602)
at org.testng.SuiteRunner.runTest(SuiteRunner.java:437)
at org.testng.SuiteRunner.runSequentially(SuiteRunner.java:431)
at org.testng.SuiteRunner.privateRun(SuiteRunner.java:391)
at org.testng.SuiteRunner.run(SuiteRunner.java:330)
at org.testng.SuiteRunnerWorker.runSuite(SuiteRunnerWorker.java:52)
at org.testng.SuiteRunnerWorker.run(SuiteRunnerWorker.java:95)
at org.testng.TestNG.runSuitesSequentially(TestNG.java:1256)
at org.testng.TestNG.runSuitesLocally(TestNG.java:1176)
at org.testng.TestNG.runSuites(TestNG.java:1099)
at org.testng.TestNG.run(TestNG.java:1067)
at org.apache.maven.surefire.testng.TestNGExecutor.run(TestNGExecutor.java:135)
at org.apache.maven.surefire.testng.TestNGDirectoryTestSuite.executeMulti(TestNGDirectoryTestSuite.java:193)
at org.apache.maven.surefire.testng.TestNGDirectoryTestSuite.execute(TestNGDirectoryTestSuite.java:94)
at org.apache.maven.surefire.testng.TestNGProvider.invoke(TestNGProvider.java:146)
at org.apache.maven.surefire.booter.ForkedBooter.invokeProviderInSameClassLoader(ForkedBooter.java:384)
at org.apache.maven.surefire.booter.ForkedBooter.runSuitesInProcess(ForkedBooter.java:345)
at org.apache.maven.surefire.booter.ForkedBooter.execute(ForkedBooter.java:126)
at org.apache.maven.surefire.booter.ForkedBooter.main(ForkedBooter.java:418)
]]>
            </full-stacktrace>
          </exception> <!-- io.cucumber.testng.UndefinedStepException -->
          <reporter-output>
          </reporter-output>
        </test-method> <!-- runScenario -->
        <test-method is-config="true" signature="tearDownClass()[pri:0, instance:Cucumber.TestNGTestRunner@20ccf40b]" started-at="2023-04-18T11:44:10 IST" name="tearDownClass" finished-at="2023-04-18T11:44:10 IST" duration-ms="70" status="PASS">
          <reporter-output>
          </reporter-output>
        </test-method> <!-- tearDownClass -->
      </class> <!-- Cucumber.TestNGTestRunner -->
      <class name="rahulshettyAcademy.tests.SubmitOrderHashmapTest">
        <test-method is-config="true" signature="launchapp()[pri:0, instance:rahulshettyAcademy.tests.SubmitOrderHashmapTest@3e11f9e9]" started-at="2023-04-18T11:44:11 IST" name="launchapp" finished-at="2023-04-18T11:44:15 IST" duration-ms="3983" status="PASS">
          <reporter-output>
          </reporter-output>
        </test-method> <!-- launchapp -->
        <test-method signature="submitorder(java.util.HashMap)[pri:0, instance:rahulshettyAcademy.tests.SubmitOrderHashmapTest@3e11f9e9]" started-at="2023-04-18T11:44:15 IST" name="submitorder" data-provider="getdata" finished-at="2023-04-18T11:44:25 IST" duration-ms="10460" status="PASS">
          <params>
            <param index="0">
              <value>
                <![CDATA[{Email=vikas@gmail.com, pName=ZARA COAT 3, pwd=Vikas123}]]>
              </value>
            </param>
          </params>
          <reporter-output>
          </reporter-output>
        </test-method> <!-- submitorder -->
        <test-method is-config="true" signature="launchapp()[pri:0, instance:rahulshettyAcademy.tests.SubmitOrderHashmapTest@3e11f9e9]" started-at="2023-04-18T11:44:25 IST" name="launchapp" finished-at="2023-04-18T11:44:28 IST" duration-ms="3103" status="PASS">
          <reporter-output>
          </reporter-output>
        </test-method> <!-- launchapp -->
        <test-method signature="submitorder(java.util.HashMap)[pri:0, instance:rahulshettyAcademy.tests.SubmitOrderHashmapTest@3e11f9e9]" started-at="2023-04-18T11:44:28 IST" name="submitorder" data-provider="getdata" finished-at="2023-04-18T11:44:33 IST" duration-ms="4632" status="PASS">
          <params>
            <param index="0">
              <value>
                <![CDATA[{Email=vikas@gmail.com, pName=ADIDAS ORIGINAL, pwd=Vikas123}]]>
              </value>
            </param>
          </params>
          <reporter-output>
          </reporter-output>
        </test-method> <!-- submitorder -->
      </class> <!-- rahulshettyAcademy.tests.SubmitOrderHashmapTest -->
    </test> <!-- Surefire test -->
  </suite> <!-- Surefire suite -->
</testng-results>
