<?xml version="1.0" encoding="UTF-8"?>
<!-- Generated by org.testng.reporters.JUnitXMLReporter -->
<testsuite ignored="0" hostname="INLEN8520037012" failures="0" tests="2" name="Default test" time="25.159" errors="0" timestamp="2023-05-18T22:49:08 IST">
  <testcase classname="rahulshettyAcademy.tests.SubmitOrderHashmapTest" name="submitorder" time="4.659"/>
  <testcase classname="rahulshettyAcademy.tests.SubmitOrderHashmapTest" name="submitorder" time="4.922"/>
</testsuite> <!-- Default test -->
