<?xml version="1.0" encoding="UTF-8"?>
<testng-results ignored="0" total="1" passed="1" failed="0" skipped="0">
  <reporter-output>
  </reporter-output>
  <suite started-at="2023-04-18T11:44:51 IST" name="Surefire suite" finished-at="2023-04-18T11:44:52 IST" duration-ms="121">
    <groups>
    </groups>
    <test started-at="2023-04-18T11:44:51 IST" name="Surefire test" finished-at="2023-04-18T11:44:52 IST" duration-ms="121">
      <class name="rahulshettyAcademy.tests.AppTest">
        <test-method signature="shouldAnswerWithTrue()" started-at="2023-04-18T11:44:51 IST" name="shouldAnswerWithTrue" finished-at="2023-04-18T11:44:52 IST" duration-ms="11" status="PASS">
          <reporter-output>
          </reporter-output>
        </test-method> <!-- shouldAnswerWithTrue -->
      </class> <!-- rahulshettyAcademy.tests.AppTest -->
    </test> <!-- Surefire test -->
  </suite> <!-- Surefire suite -->
</testng-results>
