<?xml version="1.0" encoding="UTF-8"?>
<testng-results ignored="0" total="4" passed="4" failed="0" skipped="0">
  <reporter-output>
  </reporter-output>
  <suite started-at="2023-05-18T22:53:46 IST" name="Suite" finished-at="2023-05-18T22:54:09 IST" duration-ms="22866">
    <groups>
      <group name="Purchase">
        <method signature="SubmitOrderTest.submitorder(java.lang.String,java.lang.String,java.lang.String)[pri:0, instance:rahulshettyAcademy.tests.SubmitOrderTest@5ce8d869]" name="submitorder" class="rahulshettyAcademy.tests.SubmitOrderTest"/>
      </group> <!-- Purchase -->
      <group name="erorHandling">
        <method signature="ErrorValidation.errorval()[pri:0, instance:rahulshettyAcademy.tests.ErrorValidation@67d18ed7]" name="errorval" class="rahulshettyAcademy.tests.ErrorValidation"/>
      </group> <!-- erorHandling -->
    </groups>
    <test started-at="2023-05-18T22:53:46 IST" name="Error Validation" finished-at="2023-05-18T22:54:03 IST" duration-ms="16408">
      <class name="rahulshettyAcademy.tests.ErrorValidation">
        <test-method is-config="true" signature="launchapp()[pri:0, instance:rahulshettyAcademy.tests.ErrorValidation@67d18ed7]" started-at="2023-05-18T22:53:46 IST" name="launchapp" finished-at="2023-05-18T22:53:52 IST" duration-ms="5779" status="PASS">
          <reporter-output>
          </reporter-output>
        </test-method> <!-- launchapp -->
        <test-method signature="errorval()[pri:0, instance:rahulshettyAcademy.tests.ErrorValidation@67d18ed7]" started-at="2023-05-18T22:53:52 IST" name="errorval" finished-at="2023-05-18T22:53:53 IST" duration-ms="768" status="PASS">
          <reporter-output>
          </reporter-output>
        </test-method> <!-- errorval -->
        <test-method is-config="true" signature="launchapp()[pri:0, instance:rahulshettyAcademy.tests.ErrorValidation@67d18ed7]" started-at="2023-05-18T22:53:53 IST" name="launchapp" finished-at="2023-05-18T22:53:58 IST" duration-ms="5119" status="PASS">
          <reporter-output>
          </reporter-output>
        </test-method> <!-- launchapp -->
        <test-method signature="submitorder()[pri:0, instance:rahulshettyAcademy.tests.ErrorValidation@67d18ed7]" started-at="2023-05-18T22:53:58 IST" name="submitorder" finished-at="2023-05-18T22:54:03 IST" duration-ms="4686" status="PASS">
          <reporter-output>
          </reporter-output>
        </test-method> <!-- submitorder -->
      </class> <!-- rahulshettyAcademy.tests.ErrorValidation -->
    </test> <!-- Error Validation -->
    <test started-at="2023-05-18T22:53:46 IST" name="Submit Order Test" finished-at="2023-05-18T22:54:09 IST" duration-ms="22866">
      <class name="rahulshettyAcademy.tests.SubmitOrderTest">
        <test-method is-config="true" signature="launchapp()[pri:0, instance:rahulshettyAcademy.tests.SubmitOrderTest@5ce8d869]" started-at="2023-05-18T22:53:46 IST" name="launchapp" finished-at="2023-05-18T22:53:53 IST" duration-ms="6921" status="PASS">
          <reporter-output>
          </reporter-output>
        </test-method> <!-- launchapp -->
        <test-method signature="submitorder(java.lang.String,java.lang.String,java.lang.String)[pri:0, instance:rahulshettyAcademy.tests.SubmitOrderTest@5ce8d869]" started-at="2023-05-18T22:53:53 IST" name="submitorder" data-provider="getdata" finished-at="2023-05-18T22:53:59 IST" duration-ms="5629" status="PASS">
          <params>
            <param index="0">
              <value>
                <![CDATA[vikas@gmail.com]]>
              </value>
            </param>
            <param index="1">
              <value>
                <![CDATA[Vikas123]]>
              </value>
            </param>
            <param index="2">
              <value>
                <![CDATA[ZARA COAT 3]]>
              </value>
            </param>
          </params>
          <reporter-output>
          </reporter-output>
        </test-method> <!-- submitorder -->
        <test-method is-config="true" signature="launchapp()[pri:0, instance:rahulshettyAcademy.tests.SubmitOrderTest@5ce8d869]" started-at="2023-05-18T22:53:59 IST" name="launchapp" finished-at="2023-05-18T22:54:04 IST" duration-ms="4680" status="PASS">
          <reporter-output>
          </reporter-output>
        </test-method> <!-- launchapp -->
        <test-method signature="submitorder(java.lang.String,java.lang.String,java.lang.String)[pri:0, instance:rahulshettyAcademy.tests.SubmitOrderTest@5ce8d869]" started-at="2023-05-18T22:54:04 IST" name="submitorder" data-provider="getdata" finished-at="2023-05-18T22:54:09 IST" duration-ms="5600" status="PASS">
          <params>
            <param index="0">
              <value>
                <![CDATA[vikas@gmail.com]]>
              </value>
            </param>
            <param index="1">
              <value>
                <![CDATA[Vikas123]]>
              </value>
            </param>
            <param index="2">
              <value>
                <![CDATA[ZARA COAT 3]]>
              </value>
            </param>
          </params>
          <reporter-output>
          </reporter-output>
        </test-method> <!-- submitorder -->
      </class> <!-- rahulshettyAcademy.tests.SubmitOrderTest -->
    </test> <!-- Submit Order Test -->
  </suite> <!-- Suite -->
</testng-results>
